<?xml version="1.0" encoding="UTF-8"?>
<!-- Generated by org.testng.reporters.JUnitXMLReporter -->
<testsuite ignored="1" hostname="DESKTOP-2CIGIQL" failures="0" tests="4" name="Test" time="56.138" errors="0" timestamp="2023-12-25T13:37:08 IST">
  <testcase classname="com.seleniumFramework1.testcase.MyAccountPageTest" name="VerifySignOut" time="4.214"/>
  <testcase classname="com.seleniumFramework1.testcase.MyAccountPageTest" name="verifyLogin" time="2.35"/>
  <testcase classname="com.seleniumFramework1.testcase.ProductPageTest" name="VerifyBuyProduct" time="22.173"/>
  <testcase classname="com.seleniumFramework1.testcase.ProductPageTest" name="VerifySearchProduct" time="3.878"/>
  <testcase classname="com.seleniumFramework1.testcase.MyAccountPageTest" name="verifyregistrationAndLogin" time="0.0">
    <ignored/>
  </testcase> <!-- verifyregistrationAndLogin -->
</testsuite> <!-- Test -->
