<?xml version="1.0" encoding="UTF-8"?>
<!-- Generated by org.testng.reporters.JUnitXMLReporter -->
<testsuite ignored="1" hostname="DESKTOP-2CIGIQL" failures="0" tests="4" name="Test" time="71.021" errors="0" timestamp="2023-12-25T21:08:06 IST">
  <testcase classname="com.seleniumFramework1.testcase.MyAccountPageTest" name="VerifySignOut" time="4.784"/>
  <testcase classname="com.seleniumFramework1.testcase.MyAccountPageTest" name="verifyLogin" time="2.21"/>
  <testcase classname="com.seleniumFramework1.testcase.ProductPageTest" name="VerifyBuyProduct" time="23.798"/>
  <testcase classname="com.seleniumFramework1.testcase.ProductPageTest" name="VerifySearchProduct" time="4.763"/>
  <testcase classname="com.seleniumFramework1.testcase.MyAccountPageTest" name="verifyregistrationAndLogin" time="0.0">
    <ignored/>
  </testcase> <!-- verifyregistrationAndLogin -->
</testsuite> <!-- Test -->
