<?xml version="1.0" encoding="UTF-8"?>
<testng-results ignored="1" total="5" passed="4" failed="0" skipped="0">
  <reporter-output>
  </reporter-output>
  <suite started-at="2023-12-25T21:06:54 IST" name="Suite" finished-at="2023-12-25T21:08:05 IST" duration-ms="71021">
    <groups>
    </groups>
    <test started-at="2023-12-25T21:06:54 IST" name="Test" finished-at="2023-12-25T21:08:05 IST" duration-ms="71021">
      <class name="com.seleniumFramework1.testcase.ProductPageTest">
        <test-method is-config="true" signature="setUp()[pri:0, instance:com.seleniumFramework1.testcase.ProductPageTest@661972b0]" started-at="2023-12-25T21:07:27 IST" name="setUp" finished-at="2023-12-25T21:07:37 IST" duration-ms="9452" status="PASS">
          <reporter-output>
          </reporter-output>
        </test-method> <!-- setUp -->
        <test-method signature="VerifyBuyProduct()[pri:0, instance:com.seleniumFramework1.testcase.ProductPageTest@661972b0]" started-at="2023-12-25T21:07:37 IST" name="VerifyBuyProduct" finished-at="2023-12-25T21:08:00 IST" duration-ms="23798" status="PASS">
          <reporter-output>
          </reporter-output>
        </test-method> <!-- VerifyBuyProduct -->
        <test-method signature="VerifySearchProduct()[pri:0, instance:com.seleniumFramework1.testcase.ProductPageTest@661972b0]" started-at="2023-12-25T21:08:00 IST" name="VerifySearchProduct" finished-at="2023-12-25T21:08:05 IST" duration-ms="4763" status="PASS">
          <reporter-output>
          </reporter-output>
        </test-method> <!-- VerifySearchProduct -->
        <test-method is-config="true" signature="tearDown()[pri:0, instance:com.seleniumFramework1.testcase.ProductPageTest@661972b0]" started-at="2023-12-25T21:08:05 IST" name="tearDown" finished-at="2023-12-25T21:08:05 IST" duration-ms="363" status="PASS">
          <reporter-output>
          </reporter-output>
        </test-method> <!-- tearDown -->
      </class> <!-- com.seleniumFramework1.testcase.ProductPageTest -->
      <class name="com.seleniumFramework1.testcase.MyAccountPageTest">
        <test-method is-config="true" signature="setUp()[pri:0, instance:com.seleniumFramework1.testcase.MyAccountPageTest@6e20b53a]" started-at="2023-12-25T21:06:55 IST" name="setUp" finished-at="2023-12-25T21:07:20 IST" duration-ms="24761" status="PASS">
          <reporter-output>
          </reporter-output>
        </test-method> <!-- setUp -->
        <test-method signature="VerifySignOut()[pri:0, instance:com.seleniumFramework1.testcase.MyAccountPageTest@6e20b53a]" started-at="2023-12-25T21:07:20 IST" name="VerifySignOut" finished-at="2023-12-25T21:07:25 IST" duration-ms="4784" status="PASS">
          <reporter-output>
          </reporter-output>
        </test-method> <!-- VerifySignOut -->
        <test-method signature="verifyLogin()[pri:0, instance:com.seleniumFramework1.testcase.MyAccountPageTest@6e20b53a]" started-at="2023-12-25T21:07:25 IST" name="verifyLogin" finished-at="2023-12-25T21:07:27 IST" duration-ms="2210" status="PASS">
          <reporter-output>
          </reporter-output>
        </test-method> <!-- verifyLogin -->
        <test-method is-config="true" signature="tearDown()[pri:0, instance:com.seleniumFramework1.testcase.MyAccountPageTest@6e20b53a]" started-at="2023-12-25T21:07:27 IST" name="tearDown" finished-at="2023-12-25T21:07:27 IST" duration-ms="137" status="PASS">
          <reporter-output>
          </reporter-output>
        </test-method> <!-- tearDown -->
      </class> <!-- com.seleniumFramework1.testcase.MyAccountPageTest -->
    </test> <!-- Test -->
  </suite> <!-- Suite -->
</testng-results>
