<?xml version="1.0" encoding="UTF-8"?>
<testng-results ignored="1" total="5" passed="4" failed="0" skipped="0">
  <reporter-output>
  </reporter-output>
  <suite started-at="2023-12-25T13:36:11 IST" name="Suite" finished-at="2023-12-25T13:37:07 IST" duration-ms="56138">
    <groups>
    </groups>
    <test started-at="2023-12-25T13:36:11 IST" name="Test" finished-at="2023-12-25T13:37:07 IST" duration-ms="56138">
      <class name="com.seleniumFramework1.testcase.ProductPageTest">
        <test-method is-config="true" signature="setUp()[pri:0, instance:com.seleniumFramework1.testcase.ProductPageTest@4afcd809]" started-at="2023-12-25T13:36:30 IST" name="setUp" finished-at="2023-12-25T13:36:41 IST" duration-ms="10908" status="PASS">
          <reporter-output>
          </reporter-output>
        </test-method> <!-- setUp -->
        <test-method signature="VerifyBuyProduct()[pri:0, instance:com.seleniumFramework1.testcase.ProductPageTest@4afcd809]" started-at="2023-12-25T13:36:41 IST" name="VerifyBuyProduct" finished-at="2023-12-25T13:37:03 IST" duration-ms="22173" status="PASS">
          <reporter-output>
          </reporter-output>
        </test-method> <!-- VerifyBuyProduct -->
        <test-method signature="VerifySearchProduct()[pri:0, instance:com.seleniumFramework1.testcase.ProductPageTest@4afcd809]" started-at="2023-12-25T13:37:03 IST" name="VerifySearchProduct" finished-at="2023-12-25T13:37:07 IST" duration-ms="3878" status="PASS">
          <reporter-output>
          </reporter-output>
        </test-method> <!-- VerifySearchProduct -->
        <test-method is-config="true" signature="tearDown()[pri:0, instance:com.seleniumFramework1.testcase.ProductPageTest@4afcd809]" started-at="2023-12-25T13:37:07 IST" name="tearDown" finished-at="2023-12-25T13:37:07 IST" duration-ms="260" status="PASS">
          <reporter-output>
          </reporter-output>
        </test-method> <!-- tearDown -->
      </class> <!-- com.seleniumFramework1.testcase.ProductPageTest -->
      <class name="com.seleniumFramework1.testcase.MyAccountPageTest">
        <test-method is-config="true" signature="setUp()[pri:0, instance:com.seleniumFramework1.testcase.MyAccountPageTest@51399530]" started-at="2023-12-25T13:36:12 IST" name="setUp" finished-at="2023-12-25T13:36:23 IST" duration-ms="11274" status="PASS">
          <reporter-output>
          </reporter-output>
        </test-method> <!-- setUp -->
        <test-method signature="VerifySignOut()[pri:0, instance:com.seleniumFramework1.testcase.MyAccountPageTest@51399530]" started-at="2023-12-25T13:36:23 IST" name="VerifySignOut" finished-at="2023-12-25T13:36:27 IST" duration-ms="4214" status="PASS">
          <reporter-output>
          </reporter-output>
        </test-method> <!-- VerifySignOut -->
        <test-method signature="verifyLogin()[pri:0, instance:com.seleniumFramework1.testcase.MyAccountPageTest@51399530]" started-at="2023-12-25T13:36:27 IST" name="verifyLogin" finished-at="2023-12-25T13:36:29 IST" duration-ms="2350" status="PASS">
          <reporter-output>
          </reporter-output>
        </test-method> <!-- verifyLogin -->
        <test-method is-config="true" signature="tearDown()[pri:0, instance:com.seleniumFramework1.testcase.MyAccountPageTest@51399530]" started-at="2023-12-25T13:36:30 IST" name="tearDown" finished-at="2023-12-25T13:36:30 IST" duration-ms="327" status="PASS">
          <reporter-output>
          </reporter-output>
        </test-method> <!-- tearDown -->
      </class> <!-- com.seleniumFramework1.testcase.MyAccountPageTest -->
    </test> <!-- Test -->
  </suite> <!-- Suite -->
</testng-results>
